<?xml version="1.0" encoding="UTF-8"?>
<testng-results ignored="0" total="1" passed="1" failed="0" skipped="0">
  <reporter-output>
  </reporter-output>
  <suite started-at="2023-08-19T17:12:06 IST" name="Suite" finished-at="2023-08-19T17:12:44 IST" duration-ms="38215">
    <groups>
    </groups>
    <test started-at="2023-08-19T17:12:06 IST" name="Test" finished-at="2023-08-19T17:12:44 IST" duration-ms="38215">
      <class name="com.itlearn.testcases.PaymentTestCase">
        <test-method is-config="true" signature="setUp()[pri:0, instance:com.itlearn.testcases.PaymentTestCase@25ce9dc4]" started-at="2023-08-19T17:12:06 IST" name="setUp" finished-at="2023-08-19T17:12:20 IST" duration-ms="14212" status="PASS">
          <reporter-output>
          </reporter-output>
        </test-method> <!-- setUp -->
        <test-method signature="testcourses()[pri:1, instance:com.itlearn.testcases.PaymentTestCase@25ce9dc4]" started-at="2023-08-19T17:12:20 IST" name="testcourses" finished-at="2023-08-19T17:12:44 IST" duration-ms="23211" status="PASS">
          <reporter-output>
          </reporter-output>
        </test-method> <!-- testcourses -->
        <test-method is-config="true" signature="tearDown()[pri:0, instance:com.itlearn.testcases.PaymentTestCase@25ce9dc4]" started-at="2023-08-19T17:12:44 IST" name="tearDown" finished-at="2023-08-19T17:12:44 IST" duration-ms="274" status="PASS">
          <reporter-output>
          </reporter-output>
        </test-method> <!-- tearDown -->
      </class> <!-- com.itlearn.testcases.PaymentTestCase -->
    </test> <!-- Test -->
  </suite> <!-- Suite -->
</testng-results>
